<?xml version="1.0" encoding="UTF-8"?>
<!-- Generated by org.testng.reporters.JUnitXMLReporter -->
<testsuite ignored="0" hostname="DESKTOP-EG28T0P" failures="2" tests="4" name="Test" time="16.63" errors="0" timestamp="2024-03-28T12:36:28 IST">
  <testcase classname="api.test.UserTest" name="testPostUser" time="7.083"/>
  <testcase classname="api.test.UserTest" name="testGetUserByname" time="2.111"/>
  <testcase classname="api.test.UserTest" name="testUpdateUserbyName" time="3.652">
    <failure type="java.lang.AssertionError" message="expected [200] but found [405]">
      <![CDATA[java.lang.AssertionError: expected [200] but found [405]
at api.test.UserTest.testUpdateUserbyName(UserTest.java:62)
at java.base/java.util.ArrayList.forEach(ArrayList.java:1511)
... Removed 34 stack frames]]>
    </failure>
  </testcase> <!-- testUpdateUserbyName -->
  <testcase classname="api.test.UserTest" name="testDeleteUserbyName" time="2.096">
    <failure type="java.lang.AssertionError" message="expected [200] but found [405]">
      <![CDATA[java.lang.AssertionError: expected [200] but found [405]
at api.test.UserTest.testDeleteUserbyName(UserTest.java:75)
at java.base/java.util.ArrayList.forEach(ArrayList.java:1511)
... Removed 34 stack frames]]>
    </failure>
  </testcase> <!-- testDeleteUserbyName -->
</testsuite> <!-- Test -->
