<?xml version="1.0" encoding="UTF-8"?>
<!-- Generated by org.testng.reporters.JUnitXMLReporter -->
<testsuite ignored="0" hostname="DESKTOP-EG28T0P" failures="2" tests="4" name="Test" time="27.352" errors="0" timestamp="2024-03-28T13:19:28 IST">
  <testcase classname="api.test.UserTest" name="testPostUser" time="8.422"/>
  <testcase classname="api.test.UserTest" name="testGetUserByname" time="2.418"/>
  <testcase classname="api.test.UserTest" name="testUpdateUserbyName" time="12.583">
    <failure type="java.lang.AssertionError" message="expected [200] but found [405]">
      <![CDATA[java.lang.AssertionError: expected [200] but found [405]
at api.test.UserTest.testUpdateUserbyName(UserTest.java:62)
at java.base/java.util.ArrayList.forEach(ArrayList.java:1597)
... Removed 36 stack frames]]>
    </failure>
  </testcase> <!-- testUpdateUserbyName -->
  <testcase classname="api.test.UserTest" name="testDeleteUserbyName" time="2.554">
    <failure type="java.lang.AssertionError" message="expected [200] but found [405]">
      <![CDATA[java.lang.AssertionError: expected [200] but found [405]
at api.test.UserTest.testDeleteUserbyName(UserTest.java:75)
at java.base/java.util.ArrayList.forEach(ArrayList.java:1597)
... Removed 36 stack frames]]>
    </failure>
  </testcase> <!-- testDeleteUserbyName -->
</testsuite> <!-- Test -->
